{
"/Users/NusixNewBook/Work/2016-10 Zahranicie/2017-01-03 Quandoo Test/Code/angularjs1-autocomplete-directive/spec.bundle.js":{"path":"/Users/NusixNewBook/Work/2016-10 Zahranicie/2017-01-03 Quandoo Test/Code/angularjs1-autocomplete-directive/spec.bundle.js","s":{"1":1,"2":1,"3":1,"4":1,"5":1,"6":2,"7":1,"8":1},"b":{"1":[0,2],"2":[2,2]},"f":{"1":2},"fnMap":{"1":{"name":"_interopRequireDefault","line":11,"loc":{"start":{"line":11,"column":0},"end":{"line":11,"column":37}}}},"statementMap":{"1":{"start":{"line":3,"column":0},"end":{"line":3,"column":34}},"2":{"start":{"line":5,"column":0},"end":{"line":5,"column":49}},"3":{"start":{"line":7,"column":0},"end":{"line":7,"column":45}},"4":{"start":{"line":9,"column":0},"end":{"line":9,"column":59}},"5":{"start":{"line":11,"column":0},"end":{"line":11,"column":95}},"6":{"start":{"line":11,"column":39},"end":{"line":11,"column":93}},"7":{"start":{"line":29,"column":0},"end":{"line":29,"column":66}},"8":{"start":{"line":37,"column":0},"end":{"line":37,"column":32}}},"branchMap":{"1":{"line":11,"type":"cond-expr","locations":[{"start":{"line":11,"column":70},"end":{"line":11,"column":73}},{"start":{"line":11,"column":76},"end":{"line":11,"column":92}}]},"2":{"line":11,"type":"binary-expr","locations":[{"start":{"line":11,"column":46},"end":{"line":11,"column":49}},{"start":{"line":11,"column":53},"end":{"line":11,"column":67}}]}},"code":["'use strict';","","var _angular = require('angular');","","var _angular2 = _interopRequireDefault(_angular);","","var _angularMocks = require('angular-mocks');","","var _angularMocks2 = _interopRequireDefault(_angularMocks);","","function _interopRequireDefault(obj) { return obj && obj.__esModule ? obj : { default: obj }; }","","// We use the context method on `require` which Webpack created","// in order to signify which files we actually want to require or import.","// Below, `context` will be a/an function/object with file names as keys.","// Using that regex, we scan within `client/app` and target","// all files ending with `.spec.js` and trace its path.","// By passing in true, we permit this process to occur recursively.","/*"," * When testing with Webpack and ES6, we have to do some"," * preliminary setup. Because we are writing our tests also in ES6,"," * we must transpile those as well, which is handled inside"," * `karma.conf.js` via the `karma-webpack` plugin. This is the entry"," * file for the Webpack tests. Similarly to how Webpack creates a"," * `bundle.js` file for the compressed app source files, when we"," * run our tests, Webpack, likewise, compiles and bundles those tests here.","*/","","var context = require.context('./client/app', true, /\\.spec\\.js/);","","// Get all files, for each file, call the context function","// that will require the file and load it here. Context will","// loop and require those spec files here.","","","// Built by the core Angular team for mocking dependencies","context.keys().forEach(context);"],"l":{"3":1,"5":1,"7":1,"9":1,"11":2,"29":1,"37":1}},
"/Users/NusixNewBook/Work/2016-10 Zahranicie/2017-01-03 Quandoo Test/Code/angularjs1-autocomplete-directive/client/app/components/home/home.spec.js":{"path":"/Users/NusixNewBook/Work/2016-10 Zahranicie/2017-01-03 Quandoo Test/Code/angularjs1-autocomplete-directive/client/app/components/home/home.spec.js","s":{"1":1,"2":1,"3":1,"4":1,"5":1,"6":1,"7":1,"8":1,"9":1,"10":1,"11":1,"12":1,"13":1,"14":1,"15":1,"16":1,"17":1,"18":1,"19":1,"20":1,"21":1,"22":0},"b":{"1":[1,0],"2":[1,1]},"f":{"1":1,"2":1,"3":1,"4":1,"5":1,"6":1,"7":0},"fnMap":{"1":{"name":"_interopRequireDefault","line":7,"loc":{"start":{"line":7,"column":0},"end":{"line":7,"column":37}}},"2":{"name":"(anonymous_2)","line":9,"loc":{"start":{"line":9,"column":17},"end":{"line":9,"column":29}}},"3":{"name":"(anonymous_3)","line":18,"loc":{"start":{"line":18,"column":20},"end":{"line":18,"column":41}}},"4":{"name":"(anonymous_4)","line":26,"loc":{"start":{"line":26,"column":21},"end":{"line":26,"column":33}}},"5":{"name":"(anonymous_5)","line":28,"loc":{"start":{"line":28,"column":43},"end":{"line":28,"column":55}}},"6":{"name":"(anonymous_6)","line":35,"loc":{"start":{"line":35,"column":25},"end":{"line":35,"column":37}}},"7":{"name":"(anonymous_7)","line":38,"loc":{"start":{"line":38,"column":15},"end":{"line":38,"column":27}}}},"statementMap":{"1":{"start":{"line":3,"column":0},"end":{"line":3,"column":30}},"2":{"start":{"line":5,"column":0},"end":{"line":5,"column":43}},"3":{"start":{"line":7,"column":0},"end":{"line":7,"column":95}},"4":{"start":{"line":7,"column":39},"end":{"line":7,"column":93}},"5":{"start":{"line":9,"column":0},"end":{"line":64,"column":3}},"6":{"start":{"line":10,"column":2},"end":{"line":14,"column":24}},"7":{"start":{"line":16,"column":2},"end":{"line":16,"column":44}},"8":{"start":{"line":18,"column":2},"end":{"line":24,"column":6}},"9":{"start":{"line":19,"column":4},"end":{"line":19,"column":45}},"10":{"start":{"line":20,"column":4},"end":{"line":20,"column":65}},"11":{"start":{"line":21,"column":4},"end":{"line":21,"column":37}},"12":{"start":{"line":22,"column":4},"end":{"line":22,"column":43}},"13":{"start":{"line":23,"column":4},"end":{"line":23,"column":41}},"14":{"start":{"line":26,"column":2},"end":{"line":33,"column":5}},"15":{"start":{"line":28,"column":4},"end":{"line":32,"column":7}},"16":{"start":{"line":29,"column":6},"end":{"line":29,"column":25}},"17":{"start":{"line":30,"column":6},"end":{"line":30,"column":27}},"18":{"start":{"line":31,"column":6},"end":{"line":31,"column":53}},"19":{"start":{"line":35,"column":2},"end":{"line":47,"column":5}},"20":{"start":{"line":37,"column":4},"end":{"line":37,"column":28}},"21":{"start":{"line":38,"column":4},"end":{"line":42,"column":7}},"22":{"start":{"line":39,"column":6},"end":{"line":41,"column":9}}},"branchMap":{"1":{"line":7,"type":"cond-expr","locations":[{"start":{"line":7,"column":70},"end":{"line":7,"column":73}},{"start":{"line":7,"column":76},"end":{"line":7,"column":92}}]},"2":{"line":7,"type":"binary-expr","locations":[{"start":{"line":7,"column":46},"end":{"line":7,"column":49}},{"start":{"line":7,"column":53},"end":{"line":7,"column":67}}]}},"code":["'use strict';","","var _home = require('./home');","","var _home2 = _interopRequireDefault(_home);","","function _interopRequireDefault(obj) { return obj && obj.__esModule ? obj : { default: obj }; }","","describe('Home', function () {","  var $rootScope = void 0,","      $state = void 0,","      $location = void 0,","      $componentController = void 0,","      $compile = void 0;","","  beforeEach(window.module(_home2.default));","","  beforeEach(inject(function ($injector) {","    $rootScope = $injector.get('$rootScope');","    $componentController = $injector.get('$componentController');","    $state = $injector.get('$state');","    $location = $injector.get('$location');","    $compile = $injector.get('$compile');","  }));","","  describe('Module', function () {","    // top-level specs: i.e., routes, injection, naming","    it('default component should be home', function () {","      $location.url('/');","      $rootScope.$digest();","      expect($state.current.component).to.eq('home');","    });","  });","","  describe('Controller', function () {","    // controller specs","    var controller = void 0;","    beforeEach(function () {","      controller = $componentController('home', {","        $scope: $rootScope.$new()","      });","    });","","    // it('has a name property', () => { // erase if removing this.name from the controller","    //   expect(controller).to.have.property('name');","    // });","  });","","  // describe('View', () => {","  //   // view layer specs.","  //   let scope, template;","","  //   beforeEach(() => {","  //     scope = $rootScope.$new();","  //     template = $compile('<home></home>')(scope);","  //     scope.$apply();","  //   });","","  //   it('has name in template', () => {","  //     expect(template.find('h1').html()).to.eq('Found in home.html');","  //   });","","  // });","});"],"l":{"3":1,"5":1,"7":1,"9":1,"10":1,"16":1,"18":1,"19":1,"20":1,"21":1,"22":1,"23":1,"26":1,"28":1,"29":1,"30":1,"31":1,"35":1,"37":1,"38":1,"39":0}},
"/Users/NusixNewBook/Work/2016-10 Zahranicie/2017-01-03 Quandoo Test/Code/angularjs1-autocomplete-directive/client/app/components/home/home.js":{"path":"/Users/NusixNewBook/Work/2016-10 Zahranicie/2017-01-03 Quandoo Test/Code/angularjs1-autocomplete-directive/client/app/components/home/home.js","s":{"1":1,"2":1,"3":1,"4":1,"5":1,"6":1,"7":1,"8":1,"9":3,"10":1,"11":1,"12":1,"13":1,"14":1},"b":{"1":[2,1],"2":[3,3]},"f":{"1":3,"2":1},"fnMap":{"1":{"name":"_interopRequireDefault","line":19,"loc":{"start":{"line":19,"column":0},"end":{"line":19,"column":37}}},"2":{"name":"(anonymous_2)","line":21,"loc":{"start":{"line":21,"column":86},"end":{"line":21,"column":132}}}},"statementMap":{"1":{"start":{"line":3,"column":0},"end":{"line":5,"column":3}},"2":{"start":{"line":7,"column":0},"end":{"line":7,"column":34}},"3":{"start":{"line":9,"column":0},"end":{"line":9,"column":49}},"4":{"start":{"line":11,"column":0},"end":{"line":11,"column":52}},"5":{"start":{"line":13,"column":0},"end":{"line":13,"column":65}},"6":{"start":{"line":15,"column":0},"end":{"line":15,"column":40}},"7":{"start":{"line":17,"column":0},"end":{"line":17,"column":43}},"8":{"start":{"line":19,"column":0},"end":{"line":19,"column":95}},"9":{"start":{"line":19,"column":39},"end":{"line":19,"column":93}},"10":{"start":{"line":21,"column":0},"end":{"line":30,"column":42}},"11":{"start":{"line":22,"column":2},"end":{"line":22,"column":13}},"12":{"start":{"line":24,"column":2},"end":{"line":24,"column":36}},"13":{"start":{"line":26,"column":2},"end":{"line":29,"column":5}},"14":{"start":{"line":32,"column":0},"end":{"line":32,"column":29}}},"branchMap":{"1":{"line":19,"type":"cond-expr","locations":[{"start":{"line":19,"column":70},"end":{"line":19,"column":73}},{"start":{"line":19,"column":76},"end":{"line":19,"column":92}}]},"2":{"line":19,"type":"binary-expr","locations":[{"start":{"line":19,"column":46},"end":{"line":19,"column":49}},{"start":{"line":19,"column":53},"end":{"line":19,"column":67}}]}},"code":["'use strict';","","Object.defineProperty(exports, \"__esModule\", {","  value: true","});","","var _angular = require('angular');","","var _angular2 = _interopRequireDefault(_angular);","","var _angularUiRouter = require('angular-ui-router');","","var _angularUiRouter2 = _interopRequireDefault(_angularUiRouter);","","var _home = require('./home.component');","","var _home2 = _interopRequireDefault(_home);","","function _interopRequireDefault(obj) { return obj && obj.__esModule ? obj : { default: obj }; }","","var homeModule = _angular2.default.module('home', [_angularUiRouter2.default]).config(function ($stateProvider, $urlRouterProvider) {","  \"ngInject\";","","  $urlRouterProvider.otherwise('/');","","  $stateProvider.state('home', {","    url: '/',","    component: 'home'","  });","}).component('home', _home2.default).name;","","exports.default = homeModule;"],"l":{"3":1,"7":1,"9":1,"11":1,"13":1,"15":1,"17":1,"19":3,"21":1,"22":1,"24":1,"26":1,"32":1}},
"/Users/NusixNewBook/Work/2016-10 Zahranicie/2017-01-03 Quandoo Test/Code/angularjs1-autocomplete-directive/client/app/components/home/home.component.js":{"path":"/Users/NusixNewBook/Work/2016-10 Zahranicie/2017-01-03 Quandoo Test/Code/angularjs1-autocomplete-directive/client/app/components/home/home.component.js","s":{"1":1,"2":1,"3":1,"4":1,"5":1,"6":1,"7":1,"8":2,"9":1,"10":1},"b":{"1":[1,1],"2":[2,2]},"f":{"1":2},"fnMap":{"1":{"name":"_interopRequireDefault","line":17,"loc":{"start":{"line":17,"column":0},"end":{"line":17,"column":37}}}},"statementMap":{"1":{"start":{"line":3,"column":0},"end":{"line":5,"column":3}},"2":{"start":{"line":7,"column":0},"end":{"line":7,"column":35}},"3":{"start":{"line":9,"column":0},"end":{"line":9,"column":43}},"4":{"start":{"line":11,"column":0},"end":{"line":11,"column":42}},"5":{"start":{"line":13,"column":0},"end":{"line":13,"column":44}},"6":{"start":{"line":15,"column":0},"end":{"line":15,"column":23}},"7":{"start":{"line":17,"column":0},"end":{"line":17,"column":95}},"8":{"start":{"line":17,"column":39},"end":{"line":17,"column":93}},"9":{"start":{"line":19,"column":0},"end":{"line":24,"column":2}},"10":{"start":{"line":26,"column":0},"end":{"line":26,"column":32}}},"branchMap":{"1":{"line":17,"type":"cond-expr","locations":[{"start":{"line":17,"column":70},"end":{"line":17,"column":73}},{"start":{"line":17,"column":76},"end":{"line":17,"column":92}}]},"2":{"line":17,"type":"binary-expr","locations":[{"start":{"line":17,"column":46},"end":{"line":17,"column":49}},{"start":{"line":17,"column":53},"end":{"line":17,"column":67}}]}},"code":["'use strict';","","Object.defineProperty(exports, \"__esModule\", {","  value: true","});","","var _home = require('./home.html');","","var _home2 = _interopRequireDefault(_home);","","var _home3 = require('./home.controller');","","var _home4 = _interopRequireDefault(_home3);","","require('./home.scss');","","function _interopRequireDefault(obj) { return obj && obj.__esModule ? obj : { default: obj }; }","","var homeComponent = {","  restrict: 'E',","  bindings: {},","  template: _home2.default,","  controller: _home4.default","};","","exports.default = homeComponent;"],"l":{"3":1,"7":1,"9":1,"11":1,"13":1,"15":1,"17":2,"19":1,"26":1}},
"/Users/NusixNewBook/Work/2016-10 Zahranicie/2017-01-03 Quandoo Test/Code/angularjs1-autocomplete-directive/client/app/components/home/home.controller.js":{"path":"/Users/NusixNewBook/Work/2016-10 Zahranicie/2017-01-03 Quandoo Test/Code/angularjs1-autocomplete-directive/client/app/components/home/home.controller.js","s":{"1":1,"2":1,"3":1,"4":1,"5":1,"6":1,"7":2,"8":1,"9":1,"10":0,"11":0,"12":0,"13":0,"14":0,"15":1,"16":0,"17":0,"18":0,"19":0,"20":0,"21":0,"22":0,"23":0,"24":1,"25":1},"b":{"1":[2,0],"2":[2,2]},"f":{"1":2,"2":1,"3":0,"4":0,"5":0,"6":0,"7":0},"fnMap":{"1":{"name":"_interopRequireDefault","line":15,"loc":{"start":{"line":15,"column":0},"end":{"line":15,"column":37}}},"2":{"name":"(anonymous_2)","line":17,"loc":{"start":{"line":17,"column":21},"end":{"line":17,"column":33}}},"3":{"name":"HomeController","line":18,"loc":{"start":{"line":18,"column":2},"end":{"line":18,"column":39}}},"4":{"name":"loadCountries","line":30,"loc":{"start":{"line":30,"column":11},"end":{"line":30,"column":36}}},"5":{"name":"(anonymous_5)","line":33,"loc":{"start":{"line":33,"column":61},"end":{"line":33,"column":76}}},"6":{"name":"(anonymous_6)","line":36,"loc":{"start":{"line":36,"column":15},"end":{"line":36,"column":30}}},"7":{"name":"selectCountry","line":42,"loc":{"start":{"line":42,"column":11},"end":{"line":42,"column":40}}}},"statementMap":{"1":{"start":{"line":3,"column":0},"end":{"line":5,"column":3}},"2":{"start":{"line":7,"column":0},"end":{"line":7,"column":71}},"3":{"start":{"line":9,"column":0},"end":{"line":9,"column":64}},"4":{"start":{"line":11,"column":0},"end":{"line":11,"column":65}},"5":{"start":{"line":13,"column":0},"end":{"line":13,"column":58}},"6":{"start":{"line":15,"column":0},"end":{"line":15,"column":95}},"7":{"start":{"line":15,"column":39},"end":{"line":15,"column":93}},"8":{"start":{"line":17,"column":0},"end":{"line":50,"column":4}},"9":{"start":{"line":18,"column":2},"end":{"line":26,"column":3}},"10":{"start":{"line":19,"column":4},"end":{"line":19,"column":15}},"11":{"start":{"line":21,"column":4},"end":{"line":21,"column":56}},"12":{"start":{"line":22,"column":4},"end":{"line":22,"column":35}},"13":{"start":{"line":24,"column":4},"end":{"line":24,"column":22}},"14":{"start":{"line":25,"column":4},"end":{"line":25,"column":24}},"15":{"start":{"line":28,"column":2},"end":{"line":48,"column":6}},"16":{"start":{"line":31,"column":6},"end":{"line":31,"column":23}},"17":{"start":{"line":33,"column":6},"end":{"line":38,"column":9}},"18":{"start":{"line":34,"column":8},"end":{"line":34,"column":35}},"19":{"start":{"line":35,"column":8},"end":{"line":35,"column":132}},"20":{"start":{"line":37,"column":8},"end":{"line":37,"column":143}},"21":{"start":{"line":43,"column":6},"end":{"line":43,"column":31}},"22":{"start":{"line":44,"column":6},"end":{"line":44,"column":26}},"23":{"start":{"line":46,"column":6},"end":{"line":46,"column":111}},"24":{"start":{"line":49,"column":2},"end":{"line":49,"column":24}},"25":{"start":{"line":52,"column":0},"end":{"line":52,"column":33}}},"branchMap":{"1":{"line":15,"type":"cond-expr","locations":[{"start":{"line":15,"column":70},"end":{"line":15,"column":73}},{"start":{"line":15,"column":76},"end":{"line":15,"column":92}}]},"2":{"line":15,"type":"binary-expr","locations":[{"start":{"line":15,"column":46},"end":{"line":15,"column":49}},{"start":{"line":15,"column":53},"end":{"line":15,"column":67}}]}},"code":["'use strict';","","Object.defineProperty(exports, \"__esModule\", {","  value: true","});","","var _classCallCheck2 = require('babel-runtime/helpers/classCallCheck');","","var _classCallCheck3 = _interopRequireDefault(_classCallCheck2);","","var _createClass2 = require('babel-runtime/helpers/createClass');","","var _createClass3 = _interopRequireDefault(_createClass2);","","function _interopRequireDefault(obj) { return obj && obj.__esModule ? obj : { default: obj }; }","","var HomeController = function () {","  function HomeController(dataService) {","    'ngInject';","","    (0, _classCallCheck3.default)(this, HomeController);","    this.dataService = dataService;","","    this.country = '';","    this.countries = [];","  }","","  (0, _createClass3.default)(HomeController, [{","    key: 'loadCountries',","    value: function loadCountries() {","      var _this = this;","","      this.dataService.getDataFromBackend(this.country).then(function (res) {","        _this.countries = res.data;","        console.log('HomeController -≥ loadCities : Data were loaded successfully for country:', _this.country, '. Response:', res);","      }).catch(function (res) {","        console.error('HomeController -≥ loadCities : There was an error during loading data for country:', _this.country, '. Response:', res);","      });","    }","  }, {","    key: 'selectCountry',","    value: function selectCountry(item) {","      this.country = item.name;","      this.countries = [];","","      console.log('HomeController -≥ selectCountry : Country was selected from auto-complete list item', item);","    }","  }]);","  return HomeController;","}();","","exports.default = HomeController;","","/*","TODO MUST","5 - unit tests","","6 - README file","","8 - transfer as a directive","","TODO COULD BE","3 - keyboard navigation","","1 - spinners during loading","2 - showing letters in result","4 - validation input/change","","","*/"],"l":{"3":1,"7":1,"9":1,"11":1,"13":1,"15":2,"17":1,"18":1,"19":0,"21":0,"22":0,"24":0,"25":0,"28":1,"31":0,"33":0,"34":0,"35":0,"37":0,"43":0,"44":0,"46":0,"49":1,"52":1}}}
